<?xml version="1.0" encoding="UTF-8"?>
<!-- Generated by org.testng.reporters.JUnitReportReporter -->
<testsuite hostname="LK-KAM" failures="0" tests="1" name="Runner.TestRunner" time="12.270" errors="0" timestamp="31 Aug 2018 01:51:02 GMT" skipped="0">
  <testcase classname="Runner.TestRunner" name="feature" time="12.270"/>
</testsuite> <!-- Runner.TestRunner -->
