<?xml version="1.0" encoding="UTF-8"?>
<!-- Generated by org.testng.reporters.JUnitReportReporter -->
<testsuite hostname="LK-KAM" failures="0" tests="1" name="SeleniumBasics.SearchGoogle" time="5.374" errors="0" timestamp="30 Aug 2018 17:20:12 GMT" skipped="0">
  <testcase classname="SeleniumBasics.SearchGoogle" name="testSearch" time="5.374"/>
</testsuite> <!-- SeleniumBasics.SearchGoogle -->
