<?xml version="1.0" encoding="UTF-8"?>
<!-- Generated by org.testng.reporters.JUnitReportReporter -->
<testsuite hostname="LK-KAM" failures="0" tests="1" name="Runner.TestRunner" time="20.850" errors="0" timestamp="01 Sep 2018 19:11:32 GMT" skipped="0">
  <testcase classname="Runner.TestRunner" name="feature" time="20.850"/>
</testsuite> <!-- Runner.TestRunner -->
