<?xml version="1.0" encoding="UTF-8"?>
<!-- Generated by org.testng.reporters.JUnitReportReporter -->
<testsuite hostname="LK-KAM" failures="0" tests="1" name="SeleniumBasics.SearchGoogle" time="8.831" errors="0" timestamp="30 Aug 2018 19:10:52 GMT" skipped="0">
  <testcase classname="SeleniumBasics.SearchGoogle" name="testSearch" time="8.831"/>
</testsuite> <!-- SeleniumBasics.SearchGoogle -->
